Determining if the pthread_create exist failed with the following output:
Change Dir: /home/debian/MAP_CoSim_20/example/slave2/build/CMakeFiles/CMakeTmp

Run Build Command:"/usr/bin/make" "cmTC_f073f/fast"
/usr/bin/make -f CMakeFiles/cmTC_f073f.dir/build.make CMakeFiles/cmTC_f073f.dir/build
make[1]: Entering directory '/home/debian/MAP_CoSim_20/example/slave2/build/CMakeFiles/CMakeTmp'
Building C object CMakeFiles/cmTC_f073f.dir/CheckSymbolExists.c.o
/usr/bin/cc    -o CMakeFiles/cmTC_f073f.dir/CheckSymbolExists.c.o   -c /home/debian/MAP_CoSim_20/example/slave2/build/CMakeFiles/CMakeTmp/CheckSymbolExists.c
Linking C executable cmTC_f073f
/usr/bin/cmake -E cmake_link_script CMakeFiles/cmTC_f073f.dir/link.txt --verbose=1
/usr/bin/cc      CMakeFiles/cmTC_f073f.dir/CheckSymbolExists.c.o  -o cmTC_f073f 
/usr/bin/ld: CMakeFiles/cmTC_f073f.dir/CheckSymbolExists.c.o: in function `main':
CheckSymbolExists.c:(.text+0x2c): undefined reference to `pthread_create'
collect2: error: ld returned 1 exit status
make[1]: *** [CMakeFiles/cmTC_f073f.dir/build.make:87: cmTC_f073f] Error 1
make[1]: Leaving directory '/home/debian/MAP_CoSim_20/example/slave2/build/CMakeFiles/CMakeTmp'
make: *** [Makefile:121: cmTC_f073f/fast] Error 2

File /home/debian/MAP_CoSim_20/example/slave2/build/CMakeFiles/CMakeTmp/CheckSymbolExists.c:
/* */
#include <pthread.h>

int main(int argc, char** argv)
{
  (void)argv;
#ifndef pthread_create
  return ((int*)(&pthread_create))[argc];
#else
  (void)argc;
  return 0;
#endif
}

Determining if the function pthread_create exists in the pthreads failed with the following output:
Change Dir: /home/debian/MAP_CoSim_20/example/slave2/build/CMakeFiles/CMakeTmp

Run Build Command:"/usr/bin/make" "cmTC_82828/fast"
/usr/bin/make -f CMakeFiles/cmTC_82828.dir/build.make CMakeFiles/cmTC_82828.dir/build
make[1]: Entering directory '/home/debian/MAP_CoSim_20/example/slave2/build/CMakeFiles/CMakeTmp'
Building C object CMakeFiles/cmTC_82828.dir/CheckFunctionExists.c.o
/usr/bin/cc   -DCHECK_FUNCTION_EXISTS=pthread_create   -o CMakeFiles/cmTC_82828.dir/CheckFunctionExists.c.o   -c /usr/share/cmake-3.13/Modules/CheckFunctionExists.c
Linking C executable cmTC_82828
/usr/bin/cmake -E cmake_link_script CMakeFiles/cmTC_82828.dir/link.txt --verbose=1
/usr/bin/cc  -DCHECK_FUNCTION_EXISTS=pthread_create    CMakeFiles/cmTC_82828.dir/CheckFunctionExists.c.o  -o cmTC_82828 -lpthreads 
/usr/bin/ld: cannot find -lpthreads
collect2: error: ld returned 1 exit status
make[1]: *** [CMakeFiles/cmTC_82828.dir/build.make:87: cmTC_82828] Error 1
make[1]: Leaving directory '/home/debian/MAP_CoSim_20/example/slave2/build/CMakeFiles/CMakeTmp'
make: *** [Makefile:121: cmTC_82828/fast] Error 2


Determining if the pthread_create exist failed with the following output:
Change Dir: /home/kevinv/Documents/MAP_CoSim_20/example/slave2/build/CMakeFiles/CMakeTmp

Run Build Command:"/usr/bin/make" "cmTC_d0427/fast"
/usr/bin/make -f CMakeFiles/cmTC_d0427.dir/build.make CMakeFiles/cmTC_d0427.dir/build
make[1]: Entering directory '/home/kevinv/Documents/MAP_CoSim_20/example/slave2/build/CMakeFiles/CMakeTmp'
Building C object CMakeFiles/cmTC_d0427.dir/CheckSymbolExists.c.o
/usr/bin/cc    -o CMakeFiles/cmTC_d0427.dir/CheckSymbolExists.c.o   -c /home/kevinv/Documents/MAP_CoSim_20/example/slave2/build/CMakeFiles/CMakeTmp/CheckSymbolExists.c
Linking C executable cmTC_d0427
/usr/bin/cmake -E cmake_link_script CMakeFiles/cmTC_d0427.dir/link.txt --verbose=1
/usr/bin/cc      CMakeFiles/cmTC_d0427.dir/CheckSymbolExists.c.o  -o cmTC_d0427 
/usr/bin/ld: CMakeFiles/cmTC_d0427.dir/CheckSymbolExists.c.o: in function `main':
CheckSymbolExists.c:(.text+0x1f): undefined reference to `pthread_create'
collect2: error: ld returned 1 exit status
make[1]: *** [CMakeFiles/cmTC_d0427.dir/build.make:87: cmTC_d0427] Error 1
make[1]: Leaving directory '/home/kevinv/Documents/MAP_CoSim_20/example/slave2/build/CMakeFiles/CMakeTmp'
make: *** [Makefile:121: cmTC_d0427/fast] Error 2

File /home/kevinv/Documents/MAP_CoSim_20/example/slave2/build/CMakeFiles/CMakeTmp/CheckSymbolExists.c:
/* */
#include <pthread.h>

int main(int argc, char** argv)
{
  (void)argv;
#ifndef pthread_create
  return ((int*)(&pthread_create))[argc];
#else
  (void)argc;
  return 0;
#endif
}

Determining if the function pthread_create exists in the pthreads failed with the following output:
Change Dir: /home/kevinv/Documents/MAP_CoSim_20/example/slave2/build/CMakeFiles/CMakeTmp

Run Build Command:"/usr/bin/make" "cmTC_cf880/fast"
/usr/bin/make -f CMakeFiles/cmTC_cf880.dir/build.make CMakeFiles/cmTC_cf880.dir/build
make[1]: Entering directory '/home/kevinv/Documents/MAP_CoSim_20/example/slave2/build/CMakeFiles/CMakeTmp'
Building C object CMakeFiles/cmTC_cf880.dir/CheckFunctionExists.c.o
/usr/bin/cc   -DCHECK_FUNCTION_EXISTS=pthread_create   -o CMakeFiles/cmTC_cf880.dir/CheckFunctionExists.c.o   -c /usr/share/cmake-3.13/Modules/CheckFunctionExists.c
Linking C executable cmTC_cf880
/usr/bin/cmake -E cmake_link_script CMakeFiles/cmTC_cf880.dir/link.txt --verbose=1
/usr/bin/cc  -DCHECK_FUNCTION_EXISTS=pthread_create    CMakeFiles/cmTC_cf880.dir/CheckFunctionExists.c.o  -o cmTC_cf880 -lpthreads 
/usr/bin/ld: cannot find -lpthreads
collect2: error: ld returned 1 exit status
make[1]: *** [CMakeFiles/cmTC_cf880.dir/build.make:87: cmTC_cf880] Error 1
make[1]: Leaving directory '/home/kevinv/Documents/MAP_CoSim_20/example/slave2/build/CMakeFiles/CMakeTmp'
make: *** [Makefile:121: cmTC_cf880/fast] Error 2


