Determining if the pthread_create exist failed with the following output:
Change Dir: /home/2020-map-hybridcosim/DCPLib/example/master/build/CMakeFiles/CMakeTmp

Run Build Command:"/usr/bin/make" "cmTC_474ef/fast"
/usr/bin/make -f CMakeFiles/cmTC_474ef.dir/build.make CMakeFiles/cmTC_474ef.dir/build
make[1]: Entering directory '/home/2020-map-hybridcosim/DCPLib/example/master/build/CMakeFiles/CMakeTmp'
Building C object CMakeFiles/cmTC_474ef.dir/CheckSymbolExists.c.o
/usr/bin/cc     -o CMakeFiles/cmTC_474ef.dir/CheckSymbolExists.c.o   -c /home/2020-map-hybridcosim/DCPLib/example/master/build/CMakeFiles/CMakeTmp/CheckSymbolExists.c
Linking C executable cmTC_474ef
/usr/bin/cmake -E cmake_link_script CMakeFiles/cmTC_474ef.dir/link.txt --verbose=1
/usr/bin/cc       CMakeFiles/cmTC_474ef.dir/CheckSymbolExists.c.o  -o cmTC_474ef 
CMakeFiles/cmTC_474ef.dir/CheckSymbolExists.c.o: In function `main':
CheckSymbolExists.c:(.text+0x2c): undefined reference to `pthread_create'
collect2: error: ld returned 1 exit status
CMakeFiles/cmTC_474ef.dir/build.make:97: recipe for target 'cmTC_474ef' failed
make[1]: *** [cmTC_474ef] Error 1
make[1]: Leaving directory '/home/2020-map-hybridcosim/DCPLib/example/master/build/CMakeFiles/CMakeTmp'
Makefile:126: recipe for target 'cmTC_474ef/fast' failed
make: *** [cmTC_474ef/fast] Error 2

File /home/2020-map-hybridcosim/DCPLib/example/master/build/CMakeFiles/CMakeTmp/CheckSymbolExists.c:
/* */
#include <pthread.h>

int main(int argc, char** argv)
{
  (void)argv;
#ifndef pthread_create
  return ((int*)(&pthread_create))[argc];
#else
  (void)argc;
  return 0;
#endif
}

Determining if the function pthread_create exists in the pthreads failed with the following output:
Change Dir: /home/2020-map-hybridcosim/DCPLib/example/master/build/CMakeFiles/CMakeTmp

Run Build Command:"/usr/bin/make" "cmTC_0cf1e/fast"
/usr/bin/make -f CMakeFiles/cmTC_0cf1e.dir/build.make CMakeFiles/cmTC_0cf1e.dir/build
make[1]: Entering directory '/home/2020-map-hybridcosim/DCPLib/example/master/build/CMakeFiles/CMakeTmp'
Building C object CMakeFiles/cmTC_0cf1e.dir/CheckFunctionExists.c.o
/usr/bin/cc    -DCHECK_FUNCTION_EXISTS=pthread_create   -o CMakeFiles/cmTC_0cf1e.dir/CheckFunctionExists.c.o   -c /usr/share/cmake-3.7/Modules/CheckFunctionExists.c
Linking C executable cmTC_0cf1e
/usr/bin/cmake -E cmake_link_script CMakeFiles/cmTC_0cf1e.dir/link.txt --verbose=1
/usr/bin/cc   -DCHECK_FUNCTION_EXISTS=pthread_create    CMakeFiles/cmTC_0cf1e.dir/CheckFunctionExists.c.o  -o cmTC_0cf1e -lpthreads 
/usr/bin/ld: cannot find -lpthreads
collect2: error: ld returned 1 exit status
CMakeFiles/cmTC_0cf1e.dir/build.make:97: recipe for target 'cmTC_0cf1e' failed
make[1]: *** [cmTC_0cf1e] Error 1
make[1]: Leaving directory '/home/2020-map-hybridcosim/DCPLib/example/master/build/CMakeFiles/CMakeTmp'
Makefile:126: recipe for target 'cmTC_0cf1e/fast' failed
make: *** [cmTC_0cf1e/fast] Error 2


