Determining if the pthread_create exist failed with the following output:
Change Dir: /home/debian/MAP_CoSim_20/example/slave2/build/CMakeFiles/CMakeTmp

Run Build Command:"/usr/bin/make" "cmTC_f073f/fast"
/usr/bin/make -f CMakeFiles/cmTC_f073f.dir/build.make CMakeFiles/cmTC_f073f.dir/build
make[1]: Entering directory '/home/debian/MAP_CoSim_20/example/slave2/build/CMakeFiles/CMakeTmp'
Building C object CMakeFiles/cmTC_f073f.dir/CheckSymbolExists.c.o
/usr/bin/cc    -o CMakeFiles/cmTC_f073f.dir/CheckSymbolExists.c.o   -c /home/debian/MAP_CoSim_20/example/slave2/build/CMakeFiles/CMakeTmp/CheckSymbolExists.c
Linking C executable cmTC_f073f
/usr/bin/cmake -E cmake_link_script CMakeFiles/cmTC_f073f.dir/link.txt --verbose=1
/usr/bin/cc      CMakeFiles/cmTC_f073f.dir/CheckSymbolExists.c.o  -o cmTC_f073f 
/usr/bin/ld: CMakeFiles/cmTC_f073f.dir/CheckSymbolExists.c.o: in function `main':
CheckSymbolExists.c:(.text+0x2c): undefined reference to `pthread_create'
collect2: error: ld returned 1 exit status
make[1]: *** [CMakeFiles/cmTC_f073f.dir/build.make:87: cmTC_f073f] Error 1
make[1]: Leaving directory '/home/debian/MAP_CoSim_20/example/slave2/build/CMakeFiles/CMakeTmp'
make: *** [Makefile:121: cmTC_f073f/fast] Error 2

File /home/debian/MAP_CoSim_20/example/slave2/build/CMakeFiles/CMakeTmp/CheckSymbolExists.c:
/* */
#include <pthread.h>

int main(int argc, char** argv)
{
  (void)argv;
#ifndef pthread_create
  return ((int*)(&pthread_create))[argc];
#else
  (void)argc;
  return 0;
#endif
}

Determining if the function pthread_create exists in the pthreads failed with the following output:
Change Dir: /home/debian/MAP_CoSim_20/example/slave2/build/CMakeFiles/CMakeTmp

Run Build Command:"/usr/bin/make" "cmTC_82828/fast"
/usr/bin/make -f CMakeFiles/cmTC_82828.dir/build.make CMakeFiles/cmTC_82828.dir/build
make[1]: Entering directory '/home/debian/MAP_CoSim_20/example/slave2/build/CMakeFiles/CMakeTmp'
Building C object CMakeFiles/cmTC_82828.dir/CheckFunctionExists.c.o
/usr/bin/cc   -DCHECK_FUNCTION_EXISTS=pthread_create   -o CMakeFiles/cmTC_82828.dir/CheckFunctionExists.c.o   -c /usr/share/cmake-3.13/Modules/CheckFunctionExists.c
Linking C executable cmTC_82828
/usr/bin/cmake -E cmake_link_script CMakeFiles/cmTC_82828.dir/link.txt --verbose=1
/usr/bin/cc  -DCHECK_FUNCTION_EXISTS=pthread_create    CMakeFiles/cmTC_82828.dir/CheckFunctionExists.c.o  -o cmTC_82828 -lpthreads 
/usr/bin/ld: cannot find -lpthreads
collect2: error: ld returned 1 exit status
make[1]: *** [CMakeFiles/cmTC_82828.dir/build.make:87: cmTC_82828] Error 1
make[1]: Leaving directory '/home/debian/MAP_CoSim_20/example/slave2/build/CMakeFiles/CMakeTmp'
make: *** [Makefile:121: cmTC_82828/fast] Error 2


Determining if the pthread_create exist failed with the following output:
Change Dir: /home/debian/MAP_CoSim_20/example/slave2/build/CMakeFiles/CMakeTmp

Run Build Command:"/usr/bin/make" "cmTC_62b97/fast"
/usr/bin/make -f CMakeFiles/cmTC_62b97.dir/build.make CMakeFiles/cmTC_62b97.dir/build
make[1]: Entering directory '/home/debian/MAP_CoSim_20/example/slave2/build/CMakeFiles/CMakeTmp'
Building C object CMakeFiles/cmTC_62b97.dir/CheckSymbolExists.c.o
/usr/bin/cc    -o CMakeFiles/cmTC_62b97.dir/CheckSymbolExists.c.o   -c /home/debian/MAP_CoSim_20/example/slave2/build/CMakeFiles/CMakeTmp/CheckSymbolExists.c
Linking C executable cmTC_62b97
/usr/bin/cmake -E cmake_link_script CMakeFiles/cmTC_62b97.dir/link.txt --verbose=1
/usr/bin/cc      CMakeFiles/cmTC_62b97.dir/CheckSymbolExists.c.o  -o cmTC_62b97 
/usr/bin/ld: CMakeFiles/cmTC_62b97.dir/CheckSymbolExists.c.o: in function `main':
CheckSymbolExists.c:(.text+0x2c): undefined reference to `pthread_create'
collect2: error: ld returned 1 exit status
make[1]: *** [CMakeFiles/cmTC_62b97.dir/build.make:87: cmTC_62b97] Error 1
make[1]: Leaving directory '/home/debian/MAP_CoSim_20/example/slave2/build/CMakeFiles/CMakeTmp'
make: *** [Makefile:121: cmTC_62b97/fast] Error 2

File /home/debian/MAP_CoSim_20/example/slave2/build/CMakeFiles/CMakeTmp/CheckSymbolExists.c:
/* */
#include <pthread.h>

int main(int argc, char** argv)
{
  (void)argv;
#ifndef pthread_create
  return ((int*)(&pthread_create))[argc];
#else
  (void)argc;
  return 0;
#endif
}

Determining if the function pthread_create exists in the pthreads failed with the following output:
Change Dir: /home/debian/MAP_CoSim_20/example/slave2/build/CMakeFiles/CMakeTmp

Run Build Command:"/usr/bin/make" "cmTC_cda5a/fast"
/usr/bin/make -f CMakeFiles/cmTC_cda5a.dir/build.make CMakeFiles/cmTC_cda5a.dir/build
make[1]: Entering directory '/home/debian/MAP_CoSim_20/example/slave2/build/CMakeFiles/CMakeTmp'
Building C object CMakeFiles/cmTC_cda5a.dir/CheckFunctionExists.c.o
/usr/bin/cc   -DCHECK_FUNCTION_EXISTS=pthread_create   -o CMakeFiles/cmTC_cda5a.dir/CheckFunctionExists.c.o   -c /usr/share/cmake-3.13/Modules/CheckFunctionExists.c
Linking C executable cmTC_cda5a
/usr/bin/cmake -E cmake_link_script CMakeFiles/cmTC_cda5a.dir/link.txt --verbose=1
/usr/bin/cc  -DCHECK_FUNCTION_EXISTS=pthread_create    CMakeFiles/cmTC_cda5a.dir/CheckFunctionExists.c.o  -o cmTC_cda5a -lpthreads 
/usr/bin/ld: cannot find -lpthreads
collect2: error: ld returned 1 exit status
make[1]: *** [CMakeFiles/cmTC_cda5a.dir/build.make:87: cmTC_cda5a] Error 1
make[1]: Leaving directory '/home/debian/MAP_CoSim_20/example/slave2/build/CMakeFiles/CMakeTmp'
make: *** [Makefile:121: cmTC_cda5a/fast] Error 2


