Determining if the pthread_create exist failed with the following output:
Change Dir: /home/kevinv/Documents/MAP_CoSim_20/example/slave/build/CMakeFiles/CMakeTmp

Run Build Command:"/usr/bin/make" "cmTC_a9a12/fast"
/usr/bin/make -f CMakeFiles/cmTC_a9a12.dir/build.make CMakeFiles/cmTC_a9a12.dir/build
make[1]: Entering directory '/home/kevinv/Documents/MAP_CoSim_20/example/slave/build/CMakeFiles/CMakeTmp'
Building C object CMakeFiles/cmTC_a9a12.dir/CheckSymbolExists.c.o
/usr/bin/cc    -o CMakeFiles/cmTC_a9a12.dir/CheckSymbolExists.c.o   -c /home/kevinv/Documents/MAP_CoSim_20/example/slave/build/CMakeFiles/CMakeTmp/CheckSymbolExists.c
Linking C executable cmTC_a9a12
/usr/bin/cmake -E cmake_link_script CMakeFiles/cmTC_a9a12.dir/link.txt --verbose=1
/usr/bin/cc      CMakeFiles/cmTC_a9a12.dir/CheckSymbolExists.c.o  -o cmTC_a9a12 
/usr/bin/ld: CMakeFiles/cmTC_a9a12.dir/CheckSymbolExists.c.o: in function `main':
CheckSymbolExists.c:(.text+0x1f): undefined reference to `pthread_create'
collect2: error: ld returned 1 exit status
make[1]: *** [CMakeFiles/cmTC_a9a12.dir/build.make:87: cmTC_a9a12] Error 1
make[1]: Leaving directory '/home/kevinv/Documents/MAP_CoSim_20/example/slave/build/CMakeFiles/CMakeTmp'
make: *** [Makefile:121: cmTC_a9a12/fast] Error 2

File /home/kevinv/Documents/MAP_CoSim_20/example/slave/build/CMakeFiles/CMakeTmp/CheckSymbolExists.c:
/* */
#include <pthread.h>

int main(int argc, char** argv)
{
  (void)argv;
#ifndef pthread_create
  return ((int*)(&pthread_create))[argc];
#else
  (void)argc;
  return 0;
#endif
}

Determining if the function pthread_create exists in the pthreads failed with the following output:
Change Dir: /home/kevinv/Documents/MAP_CoSim_20/example/slave/build/CMakeFiles/CMakeTmp

Run Build Command:"/usr/bin/make" "cmTC_8492e/fast"
/usr/bin/make -f CMakeFiles/cmTC_8492e.dir/build.make CMakeFiles/cmTC_8492e.dir/build
make[1]: Entering directory '/home/kevinv/Documents/MAP_CoSim_20/example/slave/build/CMakeFiles/CMakeTmp'
Building C object CMakeFiles/cmTC_8492e.dir/CheckFunctionExists.c.o
/usr/bin/cc   -DCHECK_FUNCTION_EXISTS=pthread_create   -o CMakeFiles/cmTC_8492e.dir/CheckFunctionExists.c.o   -c /usr/share/cmake-3.13/Modules/CheckFunctionExists.c
Linking C executable cmTC_8492e
/usr/bin/cmake -E cmake_link_script CMakeFiles/cmTC_8492e.dir/link.txt --verbose=1
/usr/bin/cc  -DCHECK_FUNCTION_EXISTS=pthread_create    CMakeFiles/cmTC_8492e.dir/CheckFunctionExists.c.o  -o cmTC_8492e -lpthreads 
/usr/bin/ld: cannot find -lpthreads
collect2: error: ld returned 1 exit status
make[1]: *** [CMakeFiles/cmTC_8492e.dir/build.make:87: cmTC_8492e] Error 1
make[1]: Leaving directory '/home/kevinv/Documents/MAP_CoSim_20/example/slave/build/CMakeFiles/CMakeTmp'
make: *** [Makefile:121: cmTC_8492e/fast] Error 2


Determining if the pthread_create exist failed with the following output:
Change Dir: /home/kevinv/Documents/MAP_CoSim_20/example/slave/build/CMakeFiles/CMakeTmp

Run Build Command:"/usr/bin/make" "cmTC_3c1ed/fast"
/usr/bin/make -f CMakeFiles/cmTC_3c1ed.dir/build.make CMakeFiles/cmTC_3c1ed.dir/build
make[1]: Entering directory '/home/kevinv/Documents/MAP_CoSim_20/example/slave/build/CMakeFiles/CMakeTmp'
Building C object CMakeFiles/cmTC_3c1ed.dir/CheckSymbolExists.c.o
/usr/bin/cc    -o CMakeFiles/cmTC_3c1ed.dir/CheckSymbolExists.c.o   -c /home/kevinv/Documents/MAP_CoSim_20/example/slave/build/CMakeFiles/CMakeTmp/CheckSymbolExists.c
Linking C executable cmTC_3c1ed
/usr/bin/cmake -E cmake_link_script CMakeFiles/cmTC_3c1ed.dir/link.txt --verbose=1
/usr/bin/cc      CMakeFiles/cmTC_3c1ed.dir/CheckSymbolExists.c.o  -o cmTC_3c1ed 
/usr/bin/ld: CMakeFiles/cmTC_3c1ed.dir/CheckSymbolExists.c.o: in function `main':
CheckSymbolExists.c:(.text+0x1f): undefined reference to `pthread_create'
collect2: error: ld returned 1 exit status
make[1]: *** [CMakeFiles/cmTC_3c1ed.dir/build.make:87: cmTC_3c1ed] Error 1
make[1]: Leaving directory '/home/kevinv/Documents/MAP_CoSim_20/example/slave/build/CMakeFiles/CMakeTmp'
make: *** [Makefile:121: cmTC_3c1ed/fast] Error 2

File /home/kevinv/Documents/MAP_CoSim_20/example/slave/build/CMakeFiles/CMakeTmp/CheckSymbolExists.c:
/* */
#include <pthread.h>

int main(int argc, char** argv)
{
  (void)argv;
#ifndef pthread_create
  return ((int*)(&pthread_create))[argc];
#else
  (void)argc;
  return 0;
#endif
}

Determining if the function pthread_create exists in the pthreads failed with the following output:
Change Dir: /home/kevinv/Documents/MAP_CoSim_20/example/slave/build/CMakeFiles/CMakeTmp

Run Build Command:"/usr/bin/make" "cmTC_a2240/fast"
/usr/bin/make -f CMakeFiles/cmTC_a2240.dir/build.make CMakeFiles/cmTC_a2240.dir/build
make[1]: Entering directory '/home/kevinv/Documents/MAP_CoSim_20/example/slave/build/CMakeFiles/CMakeTmp'
Building C object CMakeFiles/cmTC_a2240.dir/CheckFunctionExists.c.o
/usr/bin/cc   -DCHECK_FUNCTION_EXISTS=pthread_create   -o CMakeFiles/cmTC_a2240.dir/CheckFunctionExists.c.o   -c /usr/share/cmake-3.13/Modules/CheckFunctionExists.c
Linking C executable cmTC_a2240
/usr/bin/cmake -E cmake_link_script CMakeFiles/cmTC_a2240.dir/link.txt --verbose=1
/usr/bin/cc  -DCHECK_FUNCTION_EXISTS=pthread_create    CMakeFiles/cmTC_a2240.dir/CheckFunctionExists.c.o  -o cmTC_a2240 -lpthreads 
/usr/bin/ld: cannot find -lpthreads
collect2: error: ld returned 1 exit status
make[1]: *** [CMakeFiles/cmTC_a2240.dir/build.make:87: cmTC_a2240] Error 1
make[1]: Leaving directory '/home/kevinv/Documents/MAP_CoSim_20/example/slave/build/CMakeFiles/CMakeTmp'
make: *** [Makefile:121: cmTC_a2240/fast] Error 2


